=> creating model 'densenet121'
=> loading checkpoint 'model_best.pth.tar'
=> loaded checkpoint 'model_best.pth.tar' (epoch 65)
Test: [  0/196]	Time 11.902 (11.902)	Loss 1.5021e+00 (1.5021e+00)	Acc@1  67.97 ( 67.97)	Acc@5  83.20 ( 83.20)
Test: [ 10/196]	Time  0.183 ( 2.215)	Loss 2.2837e+00 (1.7371e+00)	Acc@1  46.48 ( 61.58)	Acc@5  73.83 ( 81.75)
Test: [ 20/196]	Time  2.548 ( 1.916)	Loss 1.9627e+00 (1.7239e+00)	Acc@1  59.77 ( 61.53)	Acc@5  76.56 ( 81.25)
Test: [ 30/196]	Time  0.210 ( 1.734)	Loss 1.7784e+00 (1.7085e+00)	Acc@1  58.59 ( 62.22)	Acc@5  81.64 ( 81.40)
Test: [ 40/196]	Time  2.918 ( 1.721)	Loss 2.2649e+00 (1.8217e+00)	Acc@1  37.89 ( 58.32)	Acc@5  77.34 ( 80.35)
Test: [ 50/196]	Time  0.168 ( 1.689)	Loss 1.4188e+00 (1.8121e+00)	Acc@1  69.14 ( 58.00)	Acc@5  86.33 ( 80.78)
Test: [ 60/196]	Time  0.118 ( 1.721)	Loss 1.9846e+00 (1.8026e+00)	Acc@1  53.12 ( 58.04)	Acc@5  79.69 ( 81.05)
Test: [ 70/196]	Time  0.134 ( 1.750)	Loss 1.9793e+00 (1.7925e+00)	Acc@1  57.03 ( 58.43)	Acc@5  80.08 ( 81.19)
Test: [ 80/196]	Time  0.116 ( 1.745)	Loss 3.2885e+00 (1.8313e+00)	Acc@1  26.95 ( 57.85)	Acc@5  58.20 ( 80.66)
Test: [ 90/196]	Time  0.123 ( 1.756)	Loss 4.1440e+00 (1.9681e+00)	Acc@1  19.53 ( 55.52)	Acc@5  41.80 ( 78.49)
Test: [100/196]	Time  0.352 ( 1.715)	Loss 3.2305e+00 (2.0739e+00)	Acc@1  26.17 ( 53.66)	Acc@5  56.64 ( 76.70)
Test: [110/196]	Time  1.734 ( 1.754)	Loss 2.7209e+00 (2.1504e+00)	Acc@1  43.75 ( 52.51)	Acc@5  65.62 ( 75.41)
Test: [120/196]	Time  2.727 ( 1.755)	Loss 3.5466e+00 (2.2261e+00)	Acc@1  32.03 ( 51.36)	Acc@5  53.52 ( 74.11)
Test: [130/196]	Time  3.348 ( 1.757)	Loss 2.6690e+00 (2.2878e+00)	Acc@1  43.36 ( 50.26)	Acc@5  68.36 ( 73.08)
Test: [140/196]	Time  0.689 ( 1.747)	Loss 2.9760e+00 (2.3414e+00)	Acc@1  37.89 ( 49.37)	Acc@5  65.23 ( 72.17)
Test: [150/196]	Time  5.618 ( 1.751)	Loss 3.2905e+00 (2.3977e+00)	Acc@1  35.94 ( 48.56)	Acc@5  60.16 ( 71.23)
Test: [160/196]	Time  0.124 ( 1.735)	Loss 2.8451e+00 (2.4405e+00)	Acc@1  39.84 ( 47.86)	Acc@5  64.84 ( 70.52)
Test: [170/196]	Time  5.960 ( 1.743)	Loss 2.2248e+00 (2.4790e+00)	Acc@1  51.95 ( 47.25)	Acc@5  74.22 ( 69.85)
Test: [180/196]	Time  1.556 ( 1.727)	Loss 2.5256e+00 (2.5046e+00)	Acc@1  41.41 ( 46.80)	Acc@5  72.66 ( 69.43)
Test: [190/196]	Time  3.417 ( 1.715)	Loss 2.1617e+00 (2.4891e+00)	Acc@1  49.22 ( 47.00)	Acc@5  76.17 ( 69.70)
 * Acc@1 47.340 Acc@5 69.910
