=> loading checkpoint 'model_best.pth.tar'
=> loaded checkpoint 'model_best.pth.tar' (epoch 70)
Test: [  0/196]	Time 14.512 (14.512)	Loss 9.7406e-01 (9.7406e-01)	Acc@1  74.22 ( 74.22)	Acc@5  91.80 ( 91.80)
Test: [ 10/196]	Time  0.378 ( 2.229)	Loss 1.4177e+00 (1.1129e+00)	Acc@1  64.06 ( 72.94)	Acc@5  87.11 ( 90.31)
Test: [ 20/196]	Time  4.208 ( 1.933)	Loss 1.2556e+00 (1.1107e+00)	Acc@1  73.83 ( 73.20)	Acc@5  87.50 ( 90.20)
Test: [ 30/196]	Time  0.370 ( 1.698)	Loss 1.0926e+00 (1.0911e+00)	Acc@1  71.09 ( 73.85)	Acc@5  92.19 ( 90.31)
Test: [ 40/196]	Time  1.589 ( 1.659)	Loss 1.4149e+00 (1.1807e+00)	Acc@1  61.72 ( 71.14)	Acc@5  90.23 ( 89.82)
Test: [ 50/196]	Time  0.377 ( 1.613)	Loss 7.7653e-01 (1.1753e+00)	Acc@1  82.42 ( 70.71)	Acc@5  94.14 ( 90.11)
Test: [ 60/196]	Time  0.380 ( 1.650)	Loss 1.3657e+00 (1.1773e+00)	Acc@1  66.80 ( 70.61)	Acc@5  88.28 ( 90.19)
Test: [ 70/196]	Time  0.373 ( 1.678)	Loss 1.2859e+00 (1.1666e+00)	Acc@1  67.58 ( 70.95)	Acc@5  89.45 ( 90.28)
Test: [ 80/196]	Time  0.370 ( 1.696)	Loss 2.3045e+00 (1.2045e+00)	Acc@1  50.39 ( 70.30)	Acc@5  74.61 ( 89.79)
Test: [ 90/196]	Time  2.232 ( 1.720)	Loss 3.2097e+00 (1.3128e+00)	Acc@1  33.59 ( 68.25)	Acc@5  63.67 ( 88.32)
Test: [100/196]	Time  0.380 ( 1.693)	Loss 2.1530e+00 (1.4058e+00)	Acc@1  46.48 ( 66.37)	Acc@5  75.78 ( 86.90)
Test: [110/196]	Time  6.042 ( 1.745)	Loss 1.8692e+00 (1.4688e+00)	Acc@1  58.59 ( 65.32)	Acc@5  76.56 ( 85.85)
Test: [120/196]	Time  0.439 ( 1.729)	Loss 2.4567e+00 (1.5222e+00)	Acc@1  51.95 ( 64.46)	Acc@5  70.31 ( 84.91)
Test: [130/196]	Time  7.533 ( 1.775)	Loss 1.6703e+00 (1.5747e+00)	Acc@1  62.89 ( 63.36)	Acc@5  82.42 ( 84.13)
Test: [140/196]	Time  0.426 ( 1.768)	Loss 2.1348e+00 (1.6143e+00)	Acc@1  50.39 ( 62.56)	Acc@5  77.73 ( 83.54)
Test: [150/196]	Time  6.517 ( 1.784)	Loss 2.3533e+00 (1.6629e+00)	Acc@1  53.52 ( 61.74)	Acc@5  73.83 ( 82.79)
Test: [160/196]	Time  0.465 ( 1.784)	Loss 1.9159e+00 (1.6967e+00)	Acc@1  57.81 ( 61.12)	Acc@5  79.30 ( 82.23)
Test: [170/196]	Time  6.664 ( 1.798)	Loss 1.6174e+00 (1.7317e+00)	Acc@1  60.16 ( 60.34)	Acc@5  85.16 ( 81.73)
Test: [180/196]	Time  0.453 ( 1.779)	Loss 1.8835e+00 (1.7557e+00)	Acc@1  52.34 ( 59.82)	Acc@5  82.42 ( 81.40)
Test: [190/196]	Time  2.123 ( 1.772)	Loss 1.7407e+00 (1.7481e+00)	Acc@1  56.25 ( 59.96)	Acc@5  83.98 ( 81.52)
 * Acc@1 60.168 Acc@5 81.630
