=> loading checkpoint 'model_best.pth.tar'
=> loaded checkpoint 'model_best.pth.tar' (epoch 69)
Test: [  0/196]	Time  8.752 ( 8.752)	Loss 9.1324e-01 (9.1324e-01)	Acc@1  76.56 ( 76.56)	Acc@5  91.02 ( 91.02)
Test: [ 10/196]	Time  0.378 ( 1.272)	Loss 1.4246e+00 (1.0612e+00)	Acc@1  64.06 ( 73.69)	Acc@5  87.50 ( 89.91)
Test: [ 20/196]	Time  1.499 ( 1.008)	Loss 1.2781e+00 (1.0910e+00)	Acc@1  75.00 ( 73.20)	Acc@5  85.94 ( 89.86)
Test: [ 30/196]	Time  0.366 ( 0.924)	Loss 1.0135e+00 (1.0560e+00)	Acc@1  74.61 ( 74.08)	Acc@5  91.41 ( 90.36)
Test: [ 40/196]	Time  0.366 ( 0.905)	Loss 1.2514e+00 (1.1244e+00)	Acc@1  67.58 ( 71.88)	Acc@5  91.02 ( 90.14)
Test: [ 50/196]	Time  0.364 ( 0.878)	Loss 7.7735e-01 (1.1129e+00)	Acc@1  80.08 ( 71.64)	Acc@5  94.92 ( 90.55)
Test: [ 60/196]	Time  0.382 ( 0.881)	Loss 1.4251e+00 (1.1248e+00)	Acc@1  66.80 ( 71.31)	Acc@5  88.67 ( 90.63)
Test: [ 70/196]	Time  0.375 ( 0.874)	Loss 1.3402e+00 (1.1152e+00)	Acc@1  65.23 ( 71.67)	Acc@5  88.67 ( 90.75)
Test: [ 80/196]	Time  0.372 ( 0.869)	Loss 2.1313e+00 (1.1573e+00)	Acc@1  50.39 ( 70.89)	Acc@5  75.00 ( 90.15)
Test: [ 90/196]	Time  0.376 ( 0.868)	Loss 2.9028e+00 (1.2499e+00)	Acc@1  35.94 ( 69.04)	Acc@5  63.28 ( 88.87)
Test: [100/196]	Time  0.395 ( 0.850)	Loss 2.1439e+00 (1.3308e+00)	Acc@1  49.22 ( 67.50)	Acc@5  75.00 ( 87.69)
Test: [110/196]	Time  0.363 ( 0.852)	Loss 1.5926e+00 (1.3814e+00)	Acc@1  63.28 ( 66.64)	Acc@5  81.25 ( 86.90)
Test: [120/196]	Time  0.380 ( 0.847)	Loss 2.3292e+00 (1.4268e+00)	Acc@1  52.73 ( 65.97)	Acc@5  69.14 ( 86.14)
Test: [130/196]	Time  2.491 ( 0.846)	Loss 1.4369e+00 (1.4732e+00)	Acc@1  66.41 ( 64.98)	Acc@5  85.55 ( 85.58)
Test: [140/196]	Time  0.420 ( 0.843)	Loss 1.7606e+00 (1.5054e+00)	Acc@1  60.55 ( 64.38)	Acc@5  82.42 ( 85.12)
Test: [150/196]	Time  1.884 ( 0.842)	Loss 2.0504e+00 (1.5438e+00)	Acc@1  61.72 ( 63.77)	Acc@5  78.52 ( 84.48)
Test: [160/196]	Time  0.376 ( 0.834)	Loss 1.7367e+00 (1.5751e+00)	Acc@1  62.89 ( 63.25)	Acc@5  82.42 ( 84.00)
Test: [170/196]	Time  2.021 ( 0.832)	Loss 1.3967e+00 (1.6038e+00)	Acc@1  68.75 ( 62.65)	Acc@5  85.16 ( 83.60)
Test: [180/196]	Time  0.401 ( 0.825)	Loss 1.7357e+00 (1.6232e+00)	Acc@1  57.03 ( 62.25)	Acc@5  82.81 ( 83.37)
Test: [190/196]	Time  1.458 ( 0.824)	Loss 1.3800e+00 (1.6139e+00)	Acc@1  66.02 ( 62.37)	Acc@5  88.28 ( 83.53)
 * Acc@1 62.604 Acc@5 83.668
