=> creating model 'densenet121'
=> loading checkpoint 'model_best.pth.tar'
=> loaded checkpoint 'model_best.pth.tar' (epoch 68)
/home/p2torabi/anaconda3/envs/py37/lib/python3.7/site-packages/dask/config.py:168: YAMLLoadWarning: calling yaml.load() without Loader=... is deprecated, as the default Loader is unsafe. Please read https://msg.pyyaml.org/load for full details.
  data = yaml.load(f.read()) or {}
Test: [  0/196]	Time 12.121 (12.121)	Loss 1.5472e+00 (1.5472e+00)	Acc@1  62.11 ( 62.11)	Acc@5  85.94 ( 85.94)
Test: [ 10/196]	Time  0.289 ( 1.536)	Loss 2.3468e+00 (1.8348e+00)	Acc@1  44.53 ( 58.56)	Acc@5  74.22 ( 80.22)
Test: [ 20/196]	Time  3.012 ( 1.328)	Loss 2.1579e+00 (1.8258e+00)	Acc@1  56.64 ( 58.84)	Acc@5  73.05 ( 79.43)
Test: [ 30/196]	Time  0.199 ( 1.172)	Loss 1.7286e+00 (1.7740e+00)	Acc@1  55.08 ( 59.72)	Acc@5  83.98 ( 80.44)
Test: [ 40/196]	Time  3.040 ( 1.156)	Loss 2.2919e+00 (1.8720e+00)	Acc@1  43.75 ( 56.55)	Acc@5  72.66 ( 79.47)
Test: [ 50/196]	Time  0.275 ( 1.077)	Loss 1.3773e+00 (1.8571e+00)	Acc@1  67.19 ( 56.30)	Acc@5  87.50 ( 79.91)
Test: [ 60/196]	Time  0.322 ( 1.062)	Loss 2.0847e+00 (1.8587e+00)	Acc@1  46.88 ( 56.12)	Acc@5  78.91 ( 80.03)
Test: [ 70/196]	Time  0.255 ( 1.060)	Loss 2.1217e+00 (1.8453e+00)	Acc@1  53.12 ( 56.65)	Acc@5  73.44 ( 80.06)
Test: [ 80/196]	Time  0.720 ( 1.050)	Loss 3.0926e+00 (1.8805e+00)	Acc@1  35.55 ( 56.22)	Acc@5  62.50 ( 79.63)
Test: [ 90/196]	Time  1.116 ( 1.066)	Loss 3.8004e+00 (1.9962e+00)	Acc@1  19.14 ( 54.18)	Acc@5  50.00 ( 77.83)
Test: [100/196]	Time  0.184 ( 1.037)	Loss 3.3191e+00 (2.0907e+00)	Acc@1  29.69 ( 52.63)	Acc@5  53.91 ( 76.28)
Test: [110/196]	Time  1.169 ( 1.050)	Loss 2.4165e+00 (2.1526e+00)	Acc@1  48.05 ( 51.76)	Acc@5  72.27 ( 75.29)
Test: [120/196]	Time  0.164 ( 1.036)	Loss 3.1619e+00 (2.2118e+00)	Acc@1  35.94 ( 50.89)	Acc@5  57.81 ( 74.23)
Test: [130/196]	Time  3.125 ( 1.047)	Loss 2.4353e+00 (2.2609e+00)	Acc@1  48.44 ( 50.00)	Acc@5  71.88 ( 73.51)
Test: [140/196]	Time  0.184 ( 1.029)	Loss 2.8906e+00 (2.3047e+00)	Acc@1  40.23 ( 49.34)	Acc@5  62.11 ( 72.75)
Test: [150/196]	Time  3.026 ( 1.031)	Loss 3.1039e+00 (2.3552e+00)	Acc@1  42.19 ( 48.68)	Acc@5  63.67 ( 71.92)
Test: [160/196]	Time  0.242 ( 1.020)	Loss 2.5446e+00 (2.3912e+00)	Acc@1  45.70 ( 48.15)	Acc@5  68.36 ( 71.32)
Test: [170/196]	Time  2.720 ( 1.016)	Loss 1.9948e+00 (2.4254e+00)	Acc@1  53.52 ( 47.57)	Acc@5  77.73 ( 70.75)
Test: [180/196]	Time  0.200 ( 1.004)	Loss 2.3612e+00 (2.4471e+00)	Acc@1  44.92 ( 47.17)	Acc@5  75.39 ( 70.42)
Test: [190/196]	Time  2.188 ( 1.003)	Loss 1.8889e+00 (2.4318e+00)	Acc@1  52.34 ( 47.38)	Acc@5  79.69 ( 70.70)
 * Acc@1 47.724 Acc@5 70.945
